#
# A fatal error has been detected by the Java Runtime Environment:
#
#  EXCEPTION_ACCESS_VIOLATION (0xc0000005) at pc=0x00000000042601a4, pid=7912, tid=0x0000000000002654
#
# JRE version: OpenJDK Runtime Environment (8.0_242-b01) (build 1.8.0_242-release-1644-b01)
# Java VM: OpenJDK 64-Bit Server VM (25.242-b01 mixed mode windows-amd64 compressed oops)
# Problematic frame:
# C  0x00000000042601a4
#
# Failed to write core dump. Minidumps are not enabled by default on client versions of Windows
#
# If you would like to submit a bug report, please visit:
#   
#

---------------  T H R E A D  ---------------

Current thread (0x000000001965d800):  JavaThread "Daemon worker" [_thread_in_Java, id=9812, stack(0x000000001c9b0000,0x000000001cab0000)]

siginfo: ExceptionCode=0xc0000005, ExceptionInformation=0x0000000000000008 0x00000000042601a4

Registers:
RAX=0x00000000fffffff7, RBX=0x00000000d99cfd28, RCX=0x00000000fffffffe, RDX=0x0000000000000005
RSP=0x000000001caa9040, RBP=0x00000000d99cfaf0, RSI=0x00000000d99cfc68, RDI=0x0000000000000000
R8 =0x00000000d99cfaf0, R9 =0x00000000d99cfd28, R10=0x0000000000000000, R11=0x00000000d99d1520
R12=0x0000000000000000, R13=0x00000000d99d1450, R14=0xfffffffffffffffe, R15=0x000000001965d800
RIP=0x00000000042601a4, EFLAGS=0x0000000000010286

Top of Stack: (sp=0x000000001caa9040)
0x000000001caa9040:   0000000072b77db8 d99d1470d99d1438
0x000000001caa9050:   00000000d99ce468 00000001000a9a78
0x000000001caa9060:   00000000d99d0010 0000000000000000
0x000000001caa9070:   000000001caa9290 0000000002c6d71d
0x000000001caa9080:   0000000080032030 000000001caa9100
0x000000001caa9090:   000000001caa9290 0000000002e13f74
0x000000001caa90a0:   0000000000000001 00000000d99ce430
0x000000001caa90b0:   0000000080277e88 00000000d99d1340
0x000000001caa90c0:   0000000080277e88 0000000000000000
0x000000001caa90d0:   00000000d99d01a0 000000001f3cf6d0
0x000000001caa90e0:   0000000000000001 0000000019ba57f8
0x000000001caa90f0:   00000000800314c0 00000000029eadbc
0x000000001caa9100:   000000001caa9290 00000000032139cc
0x000000001caa9110:   00000000d99d13f8 0000000002e9254b
0x000000001caa9120:   0000000100000001 00000000d99ce430
0x000000001caa9130:   00000000d99ce430 000000000000006c 

Instructions: (pc=0x00000000042601a4)
0x0000000004260184:   
[error occurred during error reporting (printing registers, top of stack, instructions near pc), id 0xc0000005]

Register to memory mapping:

RAX=0x00000000fffffff7 is an unallocated location in the heap
RBX=0x00000000d99cfd28 is an oop
java.util.TreeMap$Entry 
 - klass: 'java/util/TreeMap$Entry'
RCX=0x00000000fffffffe is an unallocated location in the heap
RDX=0x0000000000000005 is an unknown value
RSP=0x000000001caa9040 is pointing into the stack for thread: 0x000000001965d800
RBP=0x00000000d99cfaf0 is an oop
java.util.TreeMap$Entry 
 - klass: 'java/util/TreeMap$Entry'
RSI=0x00000000d99cfc68 is an oop

[error occurred during error reporting (printing register info), id 0xc0000005]

Stack: [0x000000001c9b0000,0x000000001cab0000],  sp=0x000000001caa9040,  free space=996k
Native frames: (J=compiled Java code, j=interpreted, Vv=VM code, C=native code)
C  0x00000000042601a4


---------------  P R O C E S S  ---------------

Java Threads: ( => current thread )
  0x00000000196a1800 JavaThread "Cache worker for Build Output Cleanup Cache (C:\Users\agath\Desktop\Desafio_POO_N2\.gradle\buildOutputCleanup)" [_thread_blocked, id=12440, stack(0x0000000028550000,0x0000000028650000)]
  0x00000000196a5800 JavaThread "jar transforms Thread 114" [_thread_blocked, id=12404, stack(0x0000000028050000,0x0000000028150000)]
  0x00000000196a3000 JavaThread "jar transforms Thread 113" [_thread_blocked, id=12400, stack(0x0000000027f50000,0x0000000028050000)]
  0x00000000196a4000 JavaThread "jar transforms Thread 112" [_thread_blocked, id=12396, stack(0x0000000027e50000,0x0000000027f50000)]
  0x000000001969f000 JavaThread "jar transforms Thread 111" [_thread_blocked, id=12392, stack(0x0000000027d50000,0x0000000027e50000)]
  0x00000000196a4800 JavaThread "jar transforms Thread 110" [_thread_blocked, id=12388, stack(0x0000000027c50000,0x0000000027d50000)]
  0x0000000019697800 JavaThread "jar transforms Thread 109" [_thread_blocked, id=12384, stack(0x0000000027b50000,0x0000000027c50000)]
  0x000000001969e800 JavaThread "jar transforms Thread 108" [_thread_blocked, id=12380, stack(0x0000000027a50000,0x0000000027b50000)]
  0x0000000019698800 JavaThread "jar transforms Thread 107" [_thread_blocked, id=12376, stack(0x0000000027950000,0x0000000027a50000)]
  0x000000001969a800 JavaThread "jar transforms Thread 106" [_thread_blocked, id=12372, stack(0x0000000027850000,0x0000000027950000)]
  0x000000001969b800 JavaThread "jar transforms Thread 105" [_thread_blocked, id=12368, stack(0x0000000027750000,0x0000000027850000)]
  0x0000000019697000 JavaThread "jar transforms Thread 104" [_thread_blocked, id=12364, stack(0x0000000027650000,0x0000000027750000)]
  0x000000001969d800 JavaThread "jar transforms Thread 103" [_thread_blocked, id=12360, stack(0x0000000027550000,0x0000000027650000)]
  0x0000000019699000 JavaThread "jar transforms Thread 102" [_thread_blocked, id=12356, stack(0x0000000027450000,0x0000000027550000)]
  0x0000000019696000 JavaThread "jar transforms Thread 101" [_thread_blocked, id=12352, stack(0x0000000027350000,0x0000000027450000)]
  0x000000001969d000 JavaThread "jar transforms Thread 100" [_thread_blocked, id=12348, stack(0x0000000027250000,0x0000000027350000)]
  0x000000001969c000 JavaThread "jar transforms Thread 99" [_thread_blocked, id=12344, stack(0x0000000027150000,0x0000000027250000)]
  0x000000001969a000 JavaThread "jar transforms Thread 98" [_thread_blocked, id=12340, stack(0x0000000027050000,0x0000000027150000)]
  0x000000001d37c800 JavaThread "jar transforms Thread 97" [_thread_blocked, id=12336, stack(0x0000000026f50000,0x0000000027050000)]
  0x000000001d37c000 JavaThread "jar transforms Thread 96" [_thread_blocked, id=12332, stack(0x0000000026e50000,0x0000000026f50000)]
  0x000000001d379800 JavaThread "jar transforms Thread 95" [_thread_blocked, id=12328, stack(0x0000000026d50000,0x0000000026e50000)]
  0x000000001d37a800 JavaThread "jar transforms Thread 94" [_thread_blocked, id=12324, stack(0x0000000026c50000,0x0000000026d50000)]
  0x000000001d377800 JavaThread "jar transforms Thread 93" [_thread_blocked, id=12320, stack(0x0000000026b50000,0x0000000026c50000)]
  0x000000001d376800 JavaThread "jar transforms Thread 92" [_thread_blocked, id=12316, stack(0x0000000026a50000,0x0000000026b50000)]
  0x000000001d37d800 JavaThread "jar transforms Thread 91" [_thread_blocked, id=12312, stack(0x0000000026950000,0x0000000026a50000)]
  0x000000001d379000 JavaThread "jar transforms Thread 90" [_thread_blocked, id=12308, stack(0x0000000026850000,0x0000000026950000)]
  0x000000001d378000 JavaThread "jar transforms Thread 89" [_thread_blocked, id=12304, stack(0x0000000026750000,0x0000000026850000)]
  0x000000001d37b000 JavaThread "jar transforms Thread 88" [_thread_blocked, id=12300, stack(0x0000000026650000,0x0000000026750000)]
  0x000000001d36f000 JavaThread "jar transforms Thread 87" [_thread_blocked, id=12296, stack(0x0000000026550000,0x0000000026650000)]
  0x000000001d376000 JavaThread "jar transforms Thread 86" [_thread_blocked, id=12292, stack(0x0000000026450000,0x0000000026550000)]
  0x000000001d375000 JavaThread "jar transforms Thread 85" [_thread_blocked, id=4616, stack(0x0000000026350000,0x0000000026450000)]
  0x000000001d374800 JavaThread "jar transforms Thread 84" [_thread_blocked, id=2560, stack(0x0000000026250000,0x0000000026350000)]
  0x000000001d371800 JavaThread "jar transforms Thread 83" [_thread_blocked, id=6300, stack(0x0000000026150000,0x0000000026250000)]
  0x000000001d36e800 JavaThread "jar transforms Thread 82" [_thread_blocked, id=6212, stack(0x0000000026050000,0x0000000026150000)]
  0x000000001d370000 JavaThread "jar transforms Thread 81" [_thread_blocked, id=8072, stack(0x0000000025f50000,0x0000000026050000)]
  0x000000001d370800 JavaThread "jar transforms Thread 80" [_thread_blocked, id=3272, stack(0x0000000025e50000,0x0000000025f50000)]
  0x000000001d373000 JavaThread "jar transforms Thread 79" [_thread_blocked, id=11640, stack(0x0000000025d50000,0x0000000025e50000)]
  0x000000001d373800 JavaThread "jar transforms Thread 78" [_thread_blocked, id=7228, stack(0x0000000025c50000,0x0000000025d50000)]
  0x000000001d372000 JavaThread "jar transforms Thread 77" [_thread_blocked, id=11132, stack(0x0000000025b50000,0x0000000025c50000)]
  0x000000001b0b1000 JavaThread "jar transforms Thread 76" [_thread_blocked, id=4964, stack(0x0000000025a50000,0x0000000025b50000)]
  0x000000001b0b0800 JavaThread "jar transforms Thread 75" [_thread_blocked, id=2552, stack(0x0000000025950000,0x0000000025a50000)]
  0x000000001b0ad800 JavaThread "jar transforms Thread 74" [_thread_blocked, id=7652, stack(0x0000000025850000,0x0000000025950000)]
  0x000000001b0ae000 JavaThread "jar transforms Thread 73" [_thread_blocked, id=2272, stack(0x0000000025750000,0x0000000025850000)]
  0x000000001b0b2800 JavaThread "jar transforms Thread 72" [_thread_blocked, id=1160, stack(0x0000000025650000,0x0000000025750000)]
  0x000000001b0ac800 JavaThread "jar transforms Thread 71" [_thread_blocked, id=1288, stack(0x0000000025550000,0x0000000025650000)]
  0x000000001b0ac000 JavaThread "jar transforms Thread 70" [_thread_blocked, id=9480, stack(0x0000000025450000,0x0000000025550000)]
  0x000000001b0af000 JavaThread "jar transforms Thread 69" [_thread_blocked, id=6260, stack(0x0000000025350000,0x0000000025450000)]
  0x000000001b0af800 JavaThread "jar transforms Thread 68" [_thread_blocked, id=2760, stack(0x0000000025250000,0x0000000025350000)]
  0x000000001b0b2000 JavaThread "jar transforms Thread 67" [_thread_blocked, id=12256, stack(0x0000000025150000,0x0000000025250000)]
  0x000000001b0a4800 JavaThread "jar transforms Thread 66" [_thread_blocked, id=4444, stack(0x0000000025050000,0x0000000025150000)]
  0x000000001b0ab000 JavaThread "jar transforms Thread 65" [_thread_blocked, id=8936, stack(0x0000000024f50000,0x0000000025050000)]
  0x000000001b0a8000 JavaThread "jar transforms Thread 64" [_thread_blocked, id=1744, stack(0x0000000024e50000,0x0000000024f50000)]
  0x000000001b0a6000 JavaThread "jar transforms Thread 63" [_thread_blocked, id=8364, stack(0x0000000024d50000,0x0000000024e50000)]
  0x000000001b0a3800 JavaThread "jar transforms Thread 62" [_thread_blocked, id=7536, stack(0x0000000024c50000,0x0000000024d50000)]
  0x000000001b0a5000 JavaThread "jar transforms Thread 61" [_thread_blocked, id=7900, stack(0x0000000024b50000,0x0000000024c50000)]
  0x000000001b0a9800 JavaThread "jar transforms Thread 60" [_thread_blocked, id=7312, stack(0x0000000024a50000,0x0000000024b50000)]
  0x000000001b0a9000 JavaThread "jar transforms Thread 59" [_thread_blocked, id=7792, stack(0x0000000024950000,0x0000000024a50000)]
  0x000000001b0a7800 JavaThread "jar transforms Thread 58" [_thread_blocked, id=8256, stack(0x0000000024850000,0x0000000024950000)]
  0x000000001b0a6800 JavaThread "jar transforms Thread 57" [_thread_blocked, id=11248, stack(0x0000000024750000,0x0000000024850000)]
  0x000000001b0aa800 JavaThread "jar transforms Thread 56" [_thread_blocked, id=10280, stack(0x0000000024650000,0x0000000024750000)]
  0x000000001991c000 JavaThread "jar transforms Thread 55" [_thread_blocked, id=8960, stack(0x0000000024550000,0x0000000024650000)]
  0x000000001991b800 JavaThread "jar transforms Thread 54" [_thread_blocked, id=11444, stack(0x0000000024450000,0x0000000024550000)]
  0x000000001991a800 JavaThread "jar transforms Thread 53" [_thread_blocked, id=11788, stack(0x0000000024350000,0x0000000024450000)]
  0x000000001991a000 JavaThread "jar transforms Thread 52" [_thread_blocked, id=3348, stack(0x0000000024250000,0x0000000024350000)]
  0x0000000019912800 JavaThread "jar transforms Thread 51" [_thread_blocked, id=3176, stack(0x0000000024150000,0x0000000024250000)]
  0x0000000019919000 JavaThread "jar transforms Thread 50" [_thread_blocked, id=7240, stack(0x0000000024050000,0x0000000024150000)]
  0x0000000019917000 JavaThread "jar transforms Thread 49" [_thread_blocked, id=7224, stack(0x0000000023f50000,0x0000000024050000)]
  0x0000000019916000 JavaThread "jar transforms Thread 48" [_thread_blocked, id=1120, stack(0x0000000023e50000,0x0000000023f50000)]
  0x0000000019915800 JavaThread "jar transforms Thread 47" [_thread_blocked, id=2692, stack(0x0000000023d50000,0x0000000023e50000)]
  0x0000000019914800 JavaThread "jar transforms Thread 46" [_thread_blocked, id=3696, stack(0x0000000023c50000,0x0000000023d50000)]
  0x0000000019914000 JavaThread "jar transforms Thread 45" [_thread_blocked, id=10976, stack(0x0000000023b50000,0x0000000023c50000)]
  0x0000000019918800 JavaThread "jar transforms Thread 44" [_thread_blocked, id=11240, stack(0x0000000023a50000,0x0000000023b50000)]
  0x0000000019917800 JavaThread "jar transforms Thread 43" [_thread_blocked, id=10996, stack(0x0000000023950000,0x0000000023a50000)]
  0x000000001990e000 JavaThread "jar transforms Thread 42" [_thread_blocked, id=3616, stack(0x0000000023850000,0x0000000023950000)]
  0x0000000019911000 JavaThread "jar transforms Thread 41" [_thread_blocked, id=7644, stack(0x0000000023750000,0x0000000023850000)]
  0x000000001990e800 JavaThread "jar transforms Thread 40" [_thread_blocked, id=2772, stack(0x0000000023650000,0x0000000023750000)]
  0x000000001990f800 JavaThread "jar transforms Thread 39" [_thread_blocked, id=9752, stack(0x0000000023550000,0x0000000023650000)]
  0x0000000019910000 JavaThread "jar transforms Thread 38" [_thread_blocked, id=6664, stack(0x0000000023450000,0x0000000023550000)]
  0x0000000019911800 JavaThread "jar transforms Thread 37" [_thread_blocked, id=7680, stack(0x0000000023350000,0x0000000023450000)]
  0x0000000019913000 JavaThread "jar transforms Thread 36" [_thread_blocked, id=9564, stack(0x0000000023250000,0x0000000023350000)]
  0x000000001990d000 JavaThread "jar transforms Thread 35" [_thread_blocked, id=3852, stack(0x0000000023150000,0x0000000023250000)]
  0x000000001af2d800 JavaThread "jar transforms Thread 34" [_thread_blocked, id=11108, stack(0x0000000023050000,0x0000000023150000)]
  0x000000001af2d000 JavaThread "jar transforms Thread 33" [_thread_blocked, id=11232, stack(0x0000000022f50000,0x0000000023050000)]
  0x000000001af2b800 JavaThread "jar transforms Thread 32" [_thread_blocked, id=3952, stack(0x0000000022e50000,0x0000000022f50000)]
  0x000000001af2a800 JavaThread "jar transforms Thread 31" [_thread_blocked, id=2000, stack(0x0000000022d50000,0x0000000022e50000)]
  0x000000001af2c000 JavaThread "jar transforms Thread 30" [_thread_blocked, id=1172, stack(0x0000000022c50000,0x0000000022d50000)]
  0x000000001af23000 JavaThread "jar transforms Thread 29" [_thread_blocked, id=9492, stack(0x0000000022b50000,0x0000000022c50000)]
  0x000000001af2a000 JavaThread "jar transforms Thread 28" [_thread_blocked, id=6376, stack(0x0000000022a50000,0x0000000022b50000)]
  0x000000001af29000 JavaThread "jar transforms Thread 27" [_thread_blocked, id=2932, stack(0x0000000022950000,0x0000000022a50000)]
  0x000000001af27800 JavaThread "jar transforms Thread 26" [_thread_blocked, id=2984, stack(0x0000000022850000,0x0000000022950000)]
  0x000000001af24800 JavaThread "jar transforms Thread 25" [_thread_blocked, id=10436, stack(0x0000000022750000,0x0000000022850000)]
  0x000000001af22800 JavaThread "jar transforms Thread 24" [_thread_blocked, id=10124, stack(0x0000000022650000,0x0000000022750000)]
  0x000000001af26000 JavaThread "jar transforms Thread 23" [_thread_blocked, id=1124, stack(0x0000000022550000,0x0000000022650000)]
  0x000000001af28800 JavaThread "jar transforms Thread 22" [_thread_blocked, id=9984, stack(0x0000000022450000,0x0000000022550000)]
  0x000000001af27000 JavaThread "jar transforms Thread 21" [_thread_blocked, id=1100, stack(0x0000000022350000,0x0000000022450000)]
  0x000000001af24000 JavaThread "jar transforms Thread 20" [_thread_blocked, id=7020, stack(0x0000000022250000,0x0000000022350000)]
  0x000000001af20000 JavaThread "jar transforms Thread 19" [_thread_blocked, id=5884, stack(0x0000000022150000,0x0000000022250000)]
  0x000000001af1e800 JavaThread "jar transforms Thread 18" [_thread_blocked, id=8652, stack(0x0000000022050000,0x0000000022150000)]
  0x000000001af25800 JavaThread "jar transforms Thread 17" [_thread_blocked, id=8824, stack(0x0000000021f50000,0x0000000022050000)]
  0x000000001af21800 JavaThread "jar transforms Thread 16" [_thread_blocked, id=11656, stack(0x0000000021e50000,0x0000000021f50000)]
  0x000000001af21000 JavaThread "jar transforms Thread 15" [_thread_blocked, id=12004, stack(0x0000000021c50000,0x0000000021d50000)]
  0x000000001af1f800 JavaThread "jar transforms Thread 14" [_thread_blocked, id=10060, stack(0x0000000021b50000,0x0000000021c50000)]
  0x0000000019fa8800 JavaThread "jar transforms Thread 13" [_thread_blocked, id=5204, stack(0x0000000021a50000,0x0000000021b50000)]
  0x0000000019fa7800 JavaThread "jar transforms Thread 12" [_thread_blocked, id=9872, stack(0x0000000021950000,0x0000000021a50000)]
  0x0000000019fa9000 JavaThread "jar transforms Thread 11" [_thread_blocked, id=7180, stack(0x0000000021850000,0x0000000021950000)]
  0x0000000019fa7000 JavaThread "jar transforms Thread 10" [_thread_blocked, id=4620, stack(0x0000000021750000,0x0000000021850000)]
  0x0000000019fa6000 JavaThread "jar transforms Thread 9" [_thread_blocked, id=6704, stack(0x0000000021650000,0x0000000021750000)]
  0x0000000019fa5800 JavaThread "jar transforms Thread 8" [_thread_blocked, id=10720, stack(0x0000000021550000,0x0000000021650000)]
  0x0000000019f9d800 JavaThread "jar transforms Thread 7" [_thread_blocked, id=8740, stack(0x0000000021450000,0x0000000021550000)]
  0x0000000019fa4800 JavaThread "jar transforms Thread 6" [_thread_blocked, id=8076, stack(0x0000000021350000,0x0000000021450000)]
  0x0000000019fa3000 JavaThread "jar transforms Thread 5" [_thread_blocked, id=9820, stack(0x0000000021250000,0x0000000021350000)]
  0x0000000019fa4000 JavaThread "jar transforms Thread 4" [_thread_blocked, id=10812, stack(0x0000000021150000,0x0000000021250000)]
  0x0000000019f9d000 JavaThread "jar transforms Thread 3" [_thread_blocked, id=7124, stack(0x0000000021050000,0x0000000021150000)]
  0x0000000019f9b800 JavaThread "jar transforms Thread 2" [_thread_blocked, id=4112, stack(0x0000000020f50000,0x0000000021050000)]
  0x0000000019fa0000 JavaThread "Build operations Thread 4" [_thread_blocked, id=10372, stack(0x0000000020e50000,0x0000000020f50000)]
  0x0000000019fa2800 JavaThread "Build operations Thread 3" [_thread_blocked, id=7484, stack(0x0000000020d50000,0x0000000020e50000)]
  0x0000000019f9a800 JavaThread "Build operations Thread 2" [_thread_blocked, id=3980, stack(0x0000000020c50000,0x0000000020d50000)]
  0x0000000019fa1800 JavaThread "Build operations" [_thread_blocked, id=11672, stack(0x0000000020b50000,0x0000000020c50000)]
  0x000000001a59f000 JavaThread "Cache worker for file content cache (C:\Users\agath\.gradle\caches\6.5\fileContent)" [_thread_blocked, id=5548, stack(0x0000000020450000,0x0000000020550000)]
  0x000000001a59e000 JavaThread "jar transforms" [_thread_blocked, id=4572, stack(0x0000000020350000,0x0000000020450000)]
  0x000000001a59d800 JavaThread "Cache worker for execution history cache (C:\Users\agath\.gradle\caches\6.5\executionHistory)" [_thread_blocked, id=3144, stack(0x000000001fc50000,0x000000001fd50000)]
  0x000000001a5a2000 JavaThread "Cache worker for cache directory md-rule (C:\Users\agath\.gradle\caches\6.5\md-rule)" [_thread_blocked, id=8884, stack(0x000000001fb50000,0x000000001fc50000)]
  0x000000001a5a1000 JavaThread "Cache worker for cache directory md-supplier (C:\Users\agath\.gradle\caches\6.5\md-supplier)" [_thread_blocked, id=4884, stack(0x000000001fa50000,0x000000001fb50000)]
  0x000000001a5a3800 JavaThread "Cache worker for checksums cache (C:\Users\agath\Desktop\Desafio_POO_N2\.gradle\checksums)" [_thread_blocked, id=9764, stack(0x000000001f950000,0x000000001fa50000)]
  0x000000001a59f800 JavaThread "Cache worker for file hash cache (C:\Users\agath\Desktop\Desafio_POO_N2\.gradle\6.5\fileHashes)" [_thread_blocked, id=2976, stack(0x000000001f650000,0x000000001f750000)]
  0x000000001a5a2800 JavaThread "Cache worker for file hash cache (C:\Users\agath\.gradle\caches\6.5\fileHashes)" [_thread_blocked, id=6888, stack(0x000000001f150000,0x000000001f250000)]
  0x000000001a5a4000 JavaThread "File lock request listener" [_thread_in_native, id=2572, stack(0x000000001e080000,0x000000001e180000)]
  0x0000000018e48800 JavaThread "Cache worker for journal cache (C:\Users\agath\.gradle\caches\journal-1)" [_thread_blocked, id=7972, stack(0x000000001df80000,0x000000001e080000)]
  0x0000000018b7e000 JavaThread "Thread-9" [_thread_blocked, id=11056, stack(0x000000001ccb0000,0x000000001cdb0000)]
  0x0000000018b7b000 JavaThread "Stdin handler" [_thread_blocked, id=7884, stack(0x000000001cbb0000,0x000000001ccb0000)]
  0x0000000019660000 JavaThread "Asynchronous log dispatcher for DefaultDaemonConnection: socket connection from /127.0.0.1:49993 to /127.0.0.1:49995" [_thread_blocked, id=11868, stack(0x000000001cab0000,0x000000001cbb0000)]
=>0x000000001965d800 JavaThread "Daemon worker" [_thread_in_Java, id=9812, stack(0x000000001c9b0000,0x000000001cab0000)]
  0x0000000018c0e000 JavaThread "Cancel handler" [_thread_blocked, id=644, stack(0x000000001c8b0000,0x000000001c9b0000)]
  0x0000000019987000 JavaThread "Handler for socket connection from /127.0.0.1:49993 to /127.0.0.1:49995" [_thread_in_native, id=6124, stack(0x000000001c7b0000,0x000000001c8b0000)]
  0x0000000019626800 JavaThread "Daemon" [_thread_blocked, id=8148, stack(0x000000001c6b0000,0x000000001c7b0000)]
  0x0000000019274000 JavaThread "Daemon periodic checks" [_thread_blocked, id=2148, stack(0x000000001c3b0000,0x000000001c4b0000)]
  0x0000000019ba3000 JavaThread "Incoming local TCP Connector on port 49993" [_thread_in_native, id=9020, stack(0x000000001c150000,0x000000001c250000)]
  0x000000001a7c2800 JavaThread "Daemon health stats" [_thread_blocked, id=10448, stack(0x000000001ba10000,0x000000001bb10000)]
  0x000000001716c000 JavaThread "Service Thread" daemon [_thread_blocked, id=9284, stack(0x0000000018e70000,0x0000000018f70000)]
  0x000000001713d000 JavaThread "C1 CompilerThread2" daemon [_thread_blocked, id=11504, stack(0x0000000018970000,0x0000000018a70000)]
  0x0000000017119000 JavaThread "C2 CompilerThread1" daemon [_thread_blocked, id=6392, stack(0x0000000018870000,0x0000000018970000)]
  0x0000000017111800 JavaThread "C2 CompilerThread0" daemon [_thread_blocked, id=4564, stack(0x0000000018770000,0x0000000018870000)]
  0x0000000017110000 JavaThread "Attach Listener" daemon [_thread_blocked, id=12164, stack(0x0000000018670000,0x0000000018770000)]
  0x0000000017114800 JavaThread "Signal Dispatcher" daemon [_thread_blocked, id=12080, stack(0x0000000018570000,0x0000000018670000)]
  0x00000000023eb000 JavaThread "Finalizer" daemon [_thread_blocked, id=3476, stack(0x0000000018360000,0x0000000018460000)]
  0x00000000170f9000 JavaThread "Reference Handler" daemon [_thread_blocked, id=9412, stack(0x0000000018260000,0x0000000018360000)]
  0x00000000024ed800 JavaThread "main" [_thread_blocked, id=6068, stack(0x0000000002150000,0x0000000002250000)]

Other Threads:
  0x00000000170d6000 VMThread [stack: 0x0000000018160000,0x0000000018260000] [id=11824]
  0x000000001716e800 WatcherThread [stack: 0x0000000018f70000,0x0000000019070000] [id=8460]

VM state:not at safepoint (normal execution)

VM Mutex/Monitor currently owned by a thread: None

heap address: 0x0000000080000000, size: 2048 MB, Compressed Oops mode: 32-bit
Narrow klass base: 0x0000000000000000, Narrow klass shift: 3
Compressed class space size: 1073741824 Address: 0x0000000100000000

Heap:
 PSYoungGen      total 102400K, used 81169K [0x00000000d5580000, 0x00000000dda80000, 0x0000000100000000)
  eden space 91648K, 76% used [0x00000000d5580000,0x00000000d9a45ff0,0x00000000daf00000)
  from space 10752K, 99% used [0x00000000daf00000,0x00000000db97e518,0x00000000db980000)
  to   space 12800K, 0% used [0x00000000dce00000,0x00000000dce00000,0x00000000dda80000)
 ParOldGen       total 80384K, used 16703K [0x0000000080000000, 0x0000000084e80000, 0x00000000d5580000)
  object space 80384K, 20% used [0x0000000080000000,0x000000008104fcf8,0x0000000084e80000)
 Metaspace       used 50604K, capacity 52554K, committed 52696K, reserved 1095680K
  class space    used 6743K, capacity 7127K, committed 7168K, reserved 1048576K

Card table byte_map: [0x00000000118b0000,0x0000000011cc0000] byte_map_base: 0x00000000114b0000

Marking Bits: (ParMarkBitMap*) 0x0000000072d6f030
 Begin Bits: [0x0000000012370000, 0x0000000014370000)
 End Bits:   [0x0000000014370000, 0x0000000016370000)

Polling page: 0x00000000004b0000

CodeCache: size=245760Kb used=14577Kb max_used=14585Kb free=231182Kb
 bounds [0x00000000024f0000, 0x0000000003340000, 0x00000000114f0000]
 total_blobs=5134 nmethods=4373 adapters=674
 compilation: enabled

Compilation events (10 events):
Event: 28.595 Thread 0x000000001713d000 4787       3       java.util.TreeMap::<init> (20 bytes)
Event: 28.596 Thread 0x000000001713d000 nmethod 4787 0x00000000033378d0 code [0x0000000003337a40, 0x0000000003337c70]
Event: 28.627 Thread 0x000000001713d000 4788       1       com.google.common.collect.CompactHashMap::size (5 bytes)
Event: 28.628 Thread 0x000000001713d000 nmethod 4788 0x0000000003337d50 code [0x0000000003337ea0, 0x0000000003337fb0]
Event: 28.638 Thread 0x0000000017111800 4789       4       java.util.Arrays::fill (21 bytes)
Event: 28.640 Thread 0x0000000017111800 nmethod 4789 0x000000000333ac90 code [0x000000000333adc0, 0x000000000333ae58]
Event: 28.647 Thread 0x000000001713d000 4791       3       com.google.common.collect.CompactHashMap$Itr::hasNext (13 bytes)
Event: 28.647 Thread 0x000000001713d000 nmethod 4791 0x000000000333a910 code [0x000000000333aa60, 0x000000000333ac10]
Event: 28.681 Thread 0x000000001713d000 4792   !   3       org.gradle.internal.instantiation.generator.AsmBackedClassGenerator$ClassBuilderImpl::getAnnotationParameterValue (16 bytes)
Event: 28.682 Thread 0x000000001713d000 nmethod 4792 0x000000000333a010 code [0x000000000333a180, 0x000000000333a478]

GC Heap History (10 events):
Event: 16.664 GC heap before
{Heap before GC invocations=11 (full 1):
 PSYoungGen      total 60928K, used 58493K [0x00000000d5580000, 0x00000000dad80000, 0x0000000100000000)
  eden space 50688K, 100% used [0x00000000d5580000,0x00000000d8700000,0x00000000d8700000)
  from space 10240K, 76% used [0x00000000d8700000,0x00000000d8e9f4e8,0x00000000d9100000)
  to   space 10752K, 0% used [0x00000000da300000,0x00000000da300000,0x00000000dad80000)
 ParOldGen       total 50688K, used 7568K [0x0000000080000000, 0x0000000083180000, 0x00000000d5580000)
  object space 50688K, 14% used [0x0000000080000000,0x0000000080764320,0x0000000083180000)
 Metaspace       used 32753K, capacity 33846K, committed 33920K, reserved 1079296K
  class space    used 4456K, capacity 4723K, committed 4736K, reserved 1048576K
Event: 16.735 GC heap after
Heap after GC invocations=11 (full 1):
 PSYoungGen      total 78848K, used 8238K [0x00000000d5580000, 0x00000000db200000, 0x0000000100000000)
  eden space 68096K, 0% used [0x00000000d5580000,0x00000000d5580000,0x00000000d9800000)
  from space 10752K, 76% used [0x00000000da300000,0x00000000dab0b9f0,0x00000000dad80000)
  to   space 11264K, 0% used [0x00000000d9800000,0x00000000d9800000,0x00000000da300000)
 ParOldGen       total 50688K, used 8206K [0x0000000080000000, 0x0000000083180000, 0x00000000d5580000)
  object space 50688K, 16% used [0x0000000080000000,0x0000000080803a28,0x0000000083180000)
 Metaspace       used 32753K, capacity 33846K, committed 33920K, reserved 1079296K
  class space    used 4456K, capacity 4723K, committed 4736K, reserved 1048576K
}
Event: 18.563 GC heap before
{Heap before GC invocations=12 (full 1):
 PSYoungGen      total 78848K, used 42808K [0x00000000d5580000, 0x00000000db200000, 0x0000000100000000)
  eden space 68096K, 50% used [0x00000000d5580000,0x00000000d77428a8,0x00000000d9800000)
  from space 10752K, 76% used [0x00000000da300000,0x00000000dab0b9f0,0x00000000dad80000)
  to   space 11264K, 0% used [0x00000000d9800000,0x00000000d9800000,0x00000000da300000)
 ParOldGen       total 50688K, used 8206K [0x0000000080000000, 0x0000000083180000, 0x00000000d5580000)
  object space 50688K, 16% used [0x0000000080000000,0x0000000080803a28,0x0000000083180000)
 Metaspace       used 34274K, capacity 35392K, committed 35416K, reserved 1079296K
  class space    used 4712K, capacity 4973K, committed 4992K, reserved 1048576K
Event: 18.587 GC heap after
Heap after GC invocations=12 (full 1):
 PSYoungGen      total 79360K, used 2454K [0x00000000d5580000, 0x00000000dc980000, 0x0000000100000000)
  eden space 68096K, 0% used [0x00000000d5580000,0x00000000d5580000,0x00000000d9800000)
  from space 11264K, 21% used [0x00000000d9800000,0x00000000d9a65968,0x00000000da300000)
  to   space 11264K, 0% used [0x00000000dbe80000,0x00000000dbe80000,0x00000000dc980000)
 ParOldGen       total 50688K, used 13901K [0x0000000080000000, 0x0000000083180000, 0x00000000d5580000)
  object space 50688K, 27% used [0x0000000080000000,0x0000000080d937f8,0x0000000083180000)
 Metaspace       used 34274K, capacity 35392K, committed 35416K, reserved 1079296K
  class space    used 4712K, capacity 4973K, committed 4992K, reserved 1048576K
}
Event: 18.587 GC heap before
{Heap before GC invocations=13 (full 2):
 PSYoungGen      total 79360K, used 2454K [0x00000000d5580000, 0x00000000dc980000, 0x0000000100000000)
  eden space 68096K, 0% used [0x00000000d5580000,0x00000000d5580000,0x00000000d9800000)
  from space 11264K, 21% used [0x00000000d9800000,0x00000000d9a65968,0x00000000da300000)
  to   space 11264K, 0% used [0x00000000dbe80000,0x00000000dbe80000,0x00000000dc980000)
 ParOldGen       total 50688K, used 13901K [0x0000000080000000, 0x0000000083180000, 0x00000000d5580000)
  object space 50688K, 27% used [0x0000000080000000,0x0000000080d937f8,0x0000000083180000)
 Metaspace       used 34274K, capacity 35392K, committed 35416K, reserved 1079296K
  class space    used 4712K, capacity 4973K, committed 4992K, reserved 1048576K
Event: 18.787 GC heap after
Heap after GC invocations=13 (full 2):
 PSYoungGen      total 79360K, used 0K [0x00000000d5580000, 0x00000000dc980000, 0x0000000100000000)
  eden space 68096K, 0% used [0x00000000d5580000,0x00000000d5580000,0x00000000d9800000)
  from space 11264K, 0% used [0x00000000d9800000,0x00000000d9800000,0x00000000da300000)
  to   space 11264K, 0% used [0x00000000dbe80000,0x00000000dbe80000,0x00000000dc980000)
 ParOldGen       total 80384K, used 15109K [0x0000000080000000, 0x0000000084e80000, 0x00000000d5580000)
  object space 80384K, 18% used [0x0000000080000000,0x0000000080ec1610,0x0000000084e80000)
 Metaspace       used 34274K, capacity 35392K, committed 35416K, reserved 1079296K
  class space    used 4712K, capacity 4973K, committed 4992K, reserved 1048576K
}
Event: 22.508 GC heap before
{Heap before GC invocations=14 (full 2):
 PSYoungGen      total 79360K, used 68096K [0x00000000d5580000, 0x00000000dc980000, 0x0000000100000000)
  eden space 68096K, 100% used [0x00000000d5580000,0x00000000d9800000,0x00000000d9800000)
  from space 11264K, 0% used [0x00000000d9800000,0x00000000d9800000,0x00000000da300000)
  to   space 11264K, 0% used [0x00000000dbe80000,0x00000000dbe80000,0x00000000dc980000)
 ParOldGen       total 80384K, used 15109K [0x0000000080000000, 0x0000000084e80000, 0x00000000d5580000)
  object space 80384K, 18% used [0x0000000080000000,0x0000000080ec1610,0x0000000084e80000)
 Metaspace       used 36441K, capacity 37904K, committed 38104K, reserved 1081344K
  class space    used 4984K, capacity 5285K, committed 5376K, reserved 1048576K
Event: 22.546 GC heap after
Heap after GC invocations=14 (full 2):
 PSYoungGen      total 93184K, used 5234K [0x00000000d5580000, 0x00000000dc400000, 0x0000000100000000)
  eden space 87552K, 0% used [0x00000000d5580000,0x00000000d5580000,0x00000000dab00000)
  from space 5632K, 92% used [0x00000000dbe80000,0x00000000dc39c9b8,0x00000000dc400000)
  to   space 10752K, 0% used [0x00000000daf00000,0x00000000daf00000,0x00000000db980000)
 ParOldGen       total 80384K, used 15117K [0x0000000080000000, 0x0000000084e80000, 0x00000000d5580000)
  object space 80384K, 18% used [0x0000000080000000,0x0000000080ec3610,0x0000000084e80000)
 Metaspace       used 36441K, capacity 37904K, committed 38104K, reserved 1081344K
  class space    used 4984K, capacity 5285K, committed 5376K, reserved 1048576K
}
Event: 26.470 GC heap before
{Heap before GC invocations=15 (full 2):
 PSYoungGen      total 93184K, used 92786K [0x00000000d5580000, 0x00000000dc400000, 0x0000000100000000)
  eden space 87552K, 100% used [0x00000000d5580000,0x00000000dab00000,0x00000000dab00000)
  from space 5632K, 92% used [0x00000000dbe80000,0x00000000dc39c9b8,0x00000000dc400000)
  to   space 10752K, 0% used [0x00000000daf00000,0x00000000daf00000,0x00000000db980000)
 ParOldGen       total 80384K, used 15117K [0x0000000080000000, 0x0000000084e80000, 0x00000000d5580000)
  object space 80384K, 18% used [0x0000000080000000,0x0000000080ec3610,0x0000000084e80000)
 Metaspace       used 44004K, capacity 45828K, committed 46040K, reserved 1089536K
  class space    used 5933K, capacity 6278K, committed 6400K, reserved 1048576K
Event: 26.494 GC heap after
Heap after GC invocations=15 (full 2):
 PSYoungGen      total 102400K, used 10745K [0x00000000d5580000, 0x00000000dda80000, 0x0000000100000000)
  eden space 91648K, 0% used [0x00000000d5580000,0x00000000d5580000,0x00000000daf00000)
  from space 10752K, 99% used [0x00000000daf00000,0x00000000db97e518,0x00000000db980000)
  to   space 12800K, 0% used [0x00000000dce00000,0x00000000dce00000,0x00000000dda80000)
 ParOldGen       total 80384K, used 16703K [0x0000000080000000, 0x0000000084e80000, 0x00000000d5580000)
  object space 80384K, 20% used [0x0000000080000000,0x000000008104fcf8,0x0000000084e80000)
 Metaspace       used 44004K, capacity 45828K, committed 46040K, reserved 1089536K
  class space    used 5933K, capacity 6278K, committed 6400K, reserved 1048576K
}

Deoptimization events (10 events):
Event: 26.912 Thread 0x000000001965d800 Uncommon trap: reason=unstable_if action=reinterpret pc=0x0000000002e3d9f0 method=java.util.LinkedHashMap.get(Ljava/lang/Object;)Ljava/lang/Object; @ 20
Event: 27.115 Thread 0x000000001965d800 Uncommon trap: reason=bimorphic action=maybe_recompile pc=0x00000000030b6778 method=java.util.regex.Pattern$CharProperty.match(Ljava/util/regex/Matcher;ILjava/lang/CharSequence;)Z @ 18
Event: 27.116 Thread 0x000000001965d800 Uncommon trap: reason=bimorphic action=maybe_recompile pc=0x00000000030b6778 method=java.util.regex.Pattern$CharProperty.match(Ljava/util/regex/Matcher;ILjava/lang/CharSequence;)Z @ 18
Event: 27.116 Thread 0x000000001965d800 Uncommon trap: reason=bimorphic action=maybe_recompile pc=0x00000000030b6778 method=java.util.regex.Pattern$CharProperty.match(Ljava/util/regex/Matcher;ILjava/lang/CharSequence;)Z @ 18
Event: 27.183 Thread 0x000000001965d800 Uncommon trap: reason=bimorphic action=maybe_recompile pc=0x00000000030b6778 method=java.util.regex.Pattern$CharProperty.match(Ljava/util/regex/Matcher;ILjava/lang/CharSequence;)Z @ 18
Event: 27.617 Thread 0x000000001965d800 Uncommon trap: reason=unstable_if action=reinterpret pc=0x00000000027fd40c method=org.gradle.internal.reflect.PropertyAccessorType.of(Ljava/lang/reflect/Method;)Lorg/gradle/internal/reflect/PropertyAccessorType; @ 56
Event: 28.469 Thread 0x000000001965d800 Uncommon trap: reason=unstable_if action=reinterpret pc=0x00000000032d60b4 method=com.sun.org.apache.xerces.internal.impl.XMLEntityScanner.checkBeforeLoad(Lcom/sun/xml/internal/stream/Entity$ScannedEntity;II)I @ 18
Event: 28.500 Thread 0x000000001965d800 Uncommon trap: reason=unstable_if action=reinterpret pc=0x00000000032f3808 method=com.sun.org.apache.xerces.internal.util.SymbolTable.addSymbol([CII)Ljava/lang/String; @ 38
Event: 28.680 Thread 0x000000001965d800 Uncommon trap: reason=unstable_if action=reinterpret pc=0x0000000002c1e25c method=org.gradle.internal.instantiation.generator.AbstractClassGenerator$InjectionAnnotationValidator.validateMethod(Ljava/lang/reflect/Method;Lorg/gradle/internal/reflect/Propert
Event: 28.680 Thread 0x000000001965d800 Uncommon trap: reason=unstable_if action=reinterpret pc=0x00000000029758dc method=org.gradle.internal.instantiation.generator.AbstractClassGenerator$InjectionAnnotationValidator.validateMethod(Ljava/lang/reflect/Method;Lorg/gradle/internal/reflect/Propert

Classes redefined (0 events):
No events

Internal exceptions (10 events):
Event: 23.655 Thread 0x0000000018b7e000 Exception <a 'java/lang/NoSuchMethodError': <clinit>> (0x00000000d71f6da8) thrown at [C:\src\AOSP-openjdk-git\hotspot\src\share\vm\prims\jni.cpp, line 1615]
Event: 23.657 Thread 0x0000000018b7e000 Exception <a 'java/lang/NoSuchMethodError': <clinit>> (0x00000000d7201e70) thrown at [C:\src\AOSP-openjdk-git\hotspot\src\share\vm\prims\jni.cpp, line 1615]
Event: 23.662 Thread 0x0000000018b7e000 Exception <a 'java/lang/NoSuchMethodError': <clinit>> (0x00000000d7215240) thrown at [C:\src\AOSP-openjdk-git\hotspot\src\share\vm\prims\jni.cpp, line 1615]
Event: 23.742 Thread 0x000000001965d800 Exception <a 'java/lang/ClassNotFoundException': build_4ci08h2zsom05523qofw4988gBeanInfo> (0x00000000d725b288) thrown at [C:\src\AOSP-openjdk-git\hotspot\src\share\vm\classfile\systemDictionary.cpp, line 210]
Event: 23.743 Thread 0x000000001965d800 Exception <a 'java/lang/ClassNotFoundException': build_4ci08h2zsom05523qofw4988gCustomizer> (0x00000000d7266ec8) thrown at [C:\src\AOSP-openjdk-git\hotspot\src\share\vm\classfile\systemDictionary.cpp, line 210]
Event: 23.767 Thread 0x000000001965d800 Exception <a 'java/lang/ClassNotFoundException': org/gradle/plugin/use/internal/PluginRequestCollector$PluginDependenciesSpecImplBeanInfo> (0x00000000d7306c90) thrown at [C:\src\AOSP-openjdk-git\hotspot\src\share\vm\classfile\systemDictionary.cpp, line 21
Event: 23.768 Thread 0x000000001965d800 Exception <a 'java/lang/ClassNotFoundException': org/gradle/plugin/use/internal/PluginRequestCollector$PluginDependenciesSpecImplCustomizer> (0x00000000d7346bd0) thrown at [C:\src\AOSP-openjdk-git\hotspot\src\share\vm\classfile\systemDictionary.cpp, line 
Event: 23.929 Thread 0x000000001965d800 Exception <a 'java/lang/ClassNotFoundException': org/gradle/api/internal/plugins/DefaultObjectConfigurationActionBeanInfo> (0x00000000d76b5ba8) thrown at [C:\src\AOSP-openjdk-git\hotspot\src\share\vm\classfile\systemDictionary.cpp, line 210]
Event: 23.939 Thread 0x000000001965d800 Exception <a 'java/lang/ClassNotFoundException': org/gradle/api/internal/plugins/DefaultObjectConfigurationActionCustomizer> (0x00000000d76fcc68) thrown at [C:\src\AOSP-openjdk-git\hotspot\src\share\vm\classfile\systemDictionary.cpp, line 210]
Event: 26.703 Thread 0x000000001965d800 Implicit null exception at 0x0000000003108668 to 0x0000000003108bb5

Events (10 events):
Event: 28.684 loading class org/gradle/work/InputChanges
Event: 28.684 loading class org/gradle/work/InputChanges done
Event: 28.685 loading class org/gradle/api/internal/artifacts/transform/DefaultTransformationRegistrationFactory$DefaultArtifactTransformRegistration
Event: 28.685 loading class org/gradle/api/internal/artifacts/transform/DefaultTransformationRegistrationFactory$DefaultArtifactTransformRegistration done
Event: 28.686 loading class org/gradle/api/internal/artifacts/transform/TransformationStep
Event: 28.686 loading class org/gradle/api/internal/artifacts/transform/TransformationStep done
Event: 28.688 loading class org/gradle/api/internal/artifacts/transform/TransformationStep$1
Event: 28.688 loading class org/gradle/api/internal/artifacts/transform/TransformationStep$1 done
Event: 28.690 loading class com/android/build/gradle/internal/res/Aapt2MavenUtils$getArtifactCollection$1
Event: 28.690 loading class com/android/build/gradle/internal/res/Aapt2MavenUtils$getArtifactCollection$1 done


Dynamic libraries:
0x00007ff701400000 - 0x00007ff701431000 	C:\Program Files\Android\Android Studio\jre\bin\java.exe
0x00007ffbb5870000 - 0x00007ffbb5a65000 	C:\WINDOWS\SYSTEM32\ntdll.dll
0x00007ffbb43a0000 - 0x00007ffbb445d000 	C:\WINDOWS\System32\KERNEL32.DLL
0x00007ffbb3110000 - 0x00007ffbb33d8000 	C:\WINDOWS\System32\KERNELBASE.dll
0x00007ffbb41b0000 - 0x00007ffbb425c000 	C:\WINDOWS\System32\ADVAPI32.dll
0x00007ffbb53f0000 - 0x00007ffbb548e000 	C:\WINDOWS\System32\msvcrt.dll
0x00007ffbb4ee0000 - 0x00007ffbb4f7b000 	C:\WINDOWS\System32\sechost.dll
0x00007ffbb4590000 - 0x00007ffbb46bb000 	C:\WINDOWS\System32\RPCRT4.dll
0x00007ffbb38d0000 - 0x00007ffbb3a70000 	C:\WINDOWS\System32\USER32.dll
0x00007ffbb3440000 - 0x00007ffbb3462000 	C:\WINDOWS\System32\win32u.dll
0x00007ffbb5770000 - 0x00007ffbb579a000 	C:\WINDOWS\System32\GDI32.dll
0x00007ffbb3720000 - 0x00007ffbb382b000 	C:\WINDOWS\System32\gdi32full.dll
0x00007ffbb3830000 - 0x00007ffbb38cd000 	C:\WINDOWS\System32\msvcp_win.dll
0x00007ffbb3620000 - 0x00007ffbb3720000 	C:\WINDOWS\System32\ucrtbase.dll
0x00007ffb9c370000 - 0x00007ffb9c60a000 	C:\WINDOWS\WinSxS\amd64_microsoft.windows.common-controls_6595b64144ccf1df_6.0.19041.844_none_ca00b6081b84eb1d\COMCTL32.dll
0x00007ffbb5490000 - 0x00007ffbb54c0000 	C:\WINDOWS\System32\IMM32.DLL
0x0000000071250000 - 0x0000000071322000 	C:\Program Files\Android\Android Studio\jre\jre\bin\msvcr100.dll
0x00000000725a0000 - 0x0000000072deb000 	C:\Program Files\Android\Android Studio\jre\jre\bin\server\jvm.dll
0x00007ffbb3c90000 - 0x00007ffbb3c98000 	C:\WINDOWS\System32\PSAPI.DLL
0x00007ffba8b30000 - 0x00007ffba8b57000 	C:\WINDOWS\SYSTEM32\WINMM.dll
0x00007ffba8b60000 - 0x00007ffba8b6a000 	C:\WINDOWS\SYSTEM32\VERSION.dll
0x00007ffbad860000 - 0x00007ffbad869000 	C:\WINDOWS\SYSTEM32\WSOCK32.dll
0x00007ffbb4330000 - 0x00007ffbb439b000 	C:\WINDOWS\System32\WS2_32.dll
0x00007ffbad600000 - 0x00007ffbad60f000 	C:\Program Files\Android\Android Studio\jre\jre\bin\verify.dll
0x00007ffb81e90000 - 0x00007ffb81eb9000 	C:\Program Files\Android\Android Studio\jre\jre\bin\java.dll
0x00007ffbad5e0000 - 0x00007ffbad5f6000 	C:\Program Files\Android\Android Studio\jre\jre\bin\zip.dll
0x00007ffbb46c0000 - 0x00007ffbb4e02000 	C:\WINDOWS\System32\SHELL32.dll
0x00007ffbb10f0000 - 0x00007ffbb1881000 	C:\WINDOWS\SYSTEM32\windows.storage.dll
0x00007ffbb3d70000 - 0x00007ffbb40c5000 	C:\WINDOWS\System32\combase.dll
0x00007ffbb2950000 - 0x00007ffbb297c000 	C:\WINDOWS\SYSTEM32\Wldp.dll
0x00007ffbb4260000 - 0x00007ffbb430e000 	C:\WINDOWS\System32\SHCORE.dll
0x00007ffbb54c0000 - 0x00007ffbb5515000 	C:\WINDOWS\System32\shlwapi.dll
0x00007ffbb2ef0000 - 0x00007ffbb2f0f000 	C:\WINDOWS\SYSTEM32\profapi.dll
0x00007ffb95270000 - 0x00007ffb9528a000 	C:\Program Files\Android\Android Studio\jre\jre\bin\net.dll
0x00007ffbb26c0000 - 0x00007ffbb272a000 	C:\WINDOWS\system32\mswsock.dll
0x00007ffb81e50000 - 0x00007ffb81e63000 	C:\Program Files\Android\Android Studio\jre\jre\bin\nio.dll
0x00007ffb62060000 - 0x00007ffb62087000 	C:\Users\agath\.gradle\native\f6784746aeab05261644944871eae4fe03e0ef1612fff0a4a95f87b438bc6780\windows-amd64\native-platform.dll
0x00007ffbad230000 - 0x00007ffbad23d000 	C:\Program Files\Android\Android Studio\jre\jre\bin\management.dll
0x00007ffbb28a0000 - 0x00007ffbb28b8000 	C:\WINDOWS\SYSTEM32\CRYPTSP.dll
0x00007ffbb2060000 - 0x00007ffbb2094000 	C:\WINDOWS\system32\rsaenh.dll
0x00007ffbb34c0000 - 0x00007ffbb34e7000 	C:\WINDOWS\System32\bcrypt.dll
0x00007ffbb2e70000 - 0x00007ffbb2e9e000 	C:\WINDOWS\SYSTEM32\USERENV.dll
0x00007ffbb34f0000 - 0x00007ffbb3570000 	C:\WINDOWS\System32\bcryptprimitives.dll
0x00007ffbb2890000 - 0x00007ffbb289c000 	C:\WINDOWS\SYSTEM32\CRYPTBASE.dll
0x00007ffbb23b0000 - 0x00007ffbb23eb000 	C:\WINDOWS\SYSTEM32\IPHLPAPI.DLL
0x00007ffbb3ad0000 - 0x00007ffbb3ad8000 	C:\WINDOWS\System32\NSI.dll
0x00007ffba6a80000 - 0x00007ffba6a97000 	C:\WINDOWS\SYSTEM32\dhcpcsvc6.DLL
0x00007ffba8b10000 - 0x00007ffba8b2d000 	C:\WINDOWS\SYSTEM32\dhcpcsvc.DLL
0x00007ffbb23f0000 - 0x00007ffbb24bc000 	C:\WINDOWS\SYSTEM32\DNSAPI.dll
0x00007ffba9f50000 - 0x00007ffba9f5b000 	C:\WINDOWS\SYSTEM32\WINNSI.DLL
0x00007ffbaaa60000 - 0x00007ffbaac44000 	C:\WINDOWS\SYSTEM32\dbghelp.dll

VM Arguments:
jvm_args: -Xmx2048m -Dfile.encoding=UTF-8 -Duser.country=BR -Duser.language=pt -Duser.variant 
java_command: org.gradle.launcher.daemon.bootstrap.GradleDaemon 6.5
java_class_path (initial): C:\Users\agath\.gradle\wrapper\dists\gradle-6.5-bin\6nifqtx7604sqp1q6g8wikw7p\gradle-6.5\lib\gradle-launcher-6.5.jar
Launcher Type: SUN_STANDARD

Environment Variables:
PATH=C:\Program Files (x86)\Common Files\Oracle\Java\javapath;C:\WINDOWS\system32;C:\WINDOWS;C:\WINDOWS\System32\Wbem;C:\WINDOWS\System32\WindowsPowerShell\v1.0\;C:\WINDOWS\System32\OpenSSH\;C:\Program Files\Git\cmd;C:\Users\agath\AppData\Local\Programs\Python\Python39\Scripts\;C:\Users\agath\AppData\Local\Programs\Python\Python39\;C:\Users\agath\AppData\Local\Microsoft\WindowsApps;C:\Users\agath\AppData\Local\atom\bin;C:\Users\agath\AppData\Local\Microsoft\WindowsApps;C:\Users\agath\AppData\Local\GitHubDesktop\bin;
USERNAME=agath
OS=Windows_NT
PROCESSOR_IDENTIFIER=AMD64 Family 21 Model 101 Stepping 1, AuthenticAMD



---------------  S Y S T E M  ---------------

OS: Windows 10.0 , 64 bit Build 19041 (10.0.19041.928)

CPU:total 4 (initial active 4) (4 cores per cpu, 1 threads per core) family 21 model 101 stepping 1, cmov, cx8, fxsr, mmx, sse, sse2, sse3, ssse3, sse4.1, sse4.2, popcnt, avx, avx2, aes, clmul, mmxext, 3dnowpref, lzcnt, sse4a, tsc, tscinvbit, tscinv, bmi1

Memory: 4k page, physical 7820660k(2387460k free), swap 15117644k(7997908k free)

vm_info: OpenJDK 64-Bit Server VM (25.242-b01) for windows-amd64 JRE (1.8.0_242-release-1644-b01), built by "builder" with MS VC++ 10.0 (VS2010)

time: Mon May 17 15:18:04 2021
timezone: Hora oficial do Brasil
elapsed time: 28 seconds (0d 0h 0m 28s)

